<?xml version="1.0" encoding="UTF-8"?>
<!-- Generated by org.testng.reporters.JUnitReportReporter -->
<testsuite hostname="viraj" failures="0" tests="1" name="testNG.SoftAssertEx" time="0.033" errors="0" timestamp="2024-12-05T19:31:38 IST" skipped="0">
  <testcase classname="testNG.SoftAssertEx" name="M1" time="0.033"/>
  <system-out/>
</testsuite> <!-- testNG.SoftAssertEx -->
