<?xml version="1.0" encoding="UTF-8"?>
<!-- Generated by org.testng.reporters.JUnitReportReporter -->
<testsuite hostname="viraj" failures="0" tests="1" name="practice.Login" time="12.158" errors="0" timestamp="2024-12-04T20:19:22 IST" skipped="0">
  <testcase classname="practice.Login" name="login" time="12.158"/>
  <system-out/>
</testsuite> <!-- practice.Login -->
