<?xml version="1.0" encoding="UTF-8"?>
<!-- Generated by org.testng.reporters.JUnitReportReporter -->
<testsuite hostname="viraj" failures="0" tests="2" name="testNG.HardAssertEx" time="0.023" errors="0" timestamp="2024-12-05T19:30:43 IST" skipped="0">
  <testcase classname="testNG.HardAssertEx" name="M1" time="0.022"/>
  <system-out/>
  <testcase classname="testNG.HardAssertEx" name="M2" time="0.001"/>
  <system-out/>
</testsuite> <!-- testNG.HardAssertEx -->
