<?xml version="1.0" encoding="UTF-8"?>
<!-- Generated by org.testng.reporters.JUnitReportReporter -->
<testsuite hostname="viraj" failures="0" tests="1" name="practice.Flipkart1" time="13.043" errors="0" timestamp="2024-12-04T19:43:48 IST" skipped="0">
  <testcase classname="practice.Flipkart1" name="flip" time="13.043"/>
  <system-out/>
</testsuite> <!-- practice.Flipkart1 -->
