<?xml version="1.0" encoding="UTF-8"?>
<!-- Generated by org.testng.reporters.JUnitReportReporter -->
<testsuite hostname="viraj" failures="0" tests="1" name="testNG.TakeScreenShotEx" time="16.562" errors="0" timestamp="2024-12-05T19:59:12 IST" skipped="0">
  <testcase classname="testNG.TakeScreenShotEx" name="M1" time="16.562"/>
  <system-out/>
</testsuite> <!-- testNG.TakeScreenShotEx -->
