<?xml version="1.0" encoding="UTF-8"?>
<!-- Generated by org.testng.reporters.JUnitReportReporter -->
<testsuite hostname="viraj" failures="0" tests="1" name="practice.ProKababddi" time="14.529" errors="0" timestamp="2024-12-04T20:19:22 IST" skipped="0">
  <testcase classname="practice.ProKababddi" name="kabaddi" time="14.529"/>
  <system-out/>
</testsuite> <!-- practice.ProKababddi -->
