<?xml version="1.0" encoding="UTF-8"?>
<!-- Generated by org.testng.reporters.JUnitReportReporter -->
<testsuite hostname="viraj" failures="0" tests="1" name="partc.Login" time="9.352" errors="0" timestamp="2024-12-04T19:52:53 IST" skipped="0">
  <testcase classname="partc.Login" name="login" time="9.352"/>
  <system-out/>
</testsuite> <!-- partc.Login -->
