<?xml version="1.0" encoding="UTF-8"?>
<!-- Generated by org.testng.reporters.JUnitReportReporter -->
<testsuite hostname="viraj" failures="0" tests="7" name="testNG.Sampletest" time="0.028" errors="0" timestamp="2024-12-03T20:44:02 IST" skipped="1">
  <testcase classname="testNG.Sampletest" name="deleteContact" time="0.002"/>
  <system-out/>
  <testcase classname="testNG.Sampletest" name="createContact" time="0.001"/>
  <system-out/>
  <testcase classname="testNG.Sampletest" name="createContact" time="0.002"/>
  <system-out/>
  <testcase classname="testNG.Sampletest" name="createContact" time="0.001"/>
  <system-out/>
  <testcase classname="testNG.Sampletest" name="createContact" time="0.003"/>
  <system-out/>
  <testcase classname="testNG.Sampletest" name="createContact" time="0.019"/>
  <system-out/>
  <testcase classname="testNG.Sampletest" name="modifyContact">
    <skipped/>
  </testcase> <!-- modifyContact -->
  <system-out/>
</testsuite> <!-- testNG.Sampletest -->
